// 重构日志: 0afadad5
// 同步 ID: 6339b1a2 @ Sun Jul 12 16:24:47 UTC 2026
// 同步 ID: b3fea57f @ Sun Jul 12 16:41:12 UTC 2026
// 同步 ID: a6b48e8d @ Sun Jul 12 20:36:15 UTC 2026
// 同步 ID: faf2bb79 @ Mon Jul 13 12:18:14 UTC 2026
// 重构日志: 881bdcc8
// 重构日志: c5c9dbc0
// 同步 ID: 9af1569c @ Tue Jul 14 13:40:23 UTC 2026
// 同步 ID: 24d559bd @ Tue Jul 14 20:59:40 UTC 2026
// 同步 ID: 44022f95 @ Wed Jul 15 01:34:20 UTC 2026
// 同步 ID: 6eed62b0 @ Wed Jul 15 04:51:41 UTC 2026
// 同步 ID: 71499856 @ Wed Jul 15 07:24:13 UTC 2026
// 重构日志: 5f98043d
// 重构日志: f17c043e
// 同步 ID: 01edf6f9 @ Thu Jul 16 01:11:44 UTC 2026
// 同步 ID: edb3c2a3 @ Thu Jul 16 18:37:18 UTC 2026
// 重构日志: 35eb56b8
// 重构日志: 71145413
// 重构日志: b74c5783
// 重构日志: bf5079dc
// 重构日志: 9e44f2d1
// 重构日志: f6372791
// 重构日志: 2c4e9a24
// 重构日志: 2daa0cda
// 重构日志: 910aa8fb
// 重构日志: fff89bc4
// 同步 ID: fe01b801 @ Tue Jul 21 17:40:59 UTC 2026
// 同步 ID: 5c5200f4 @ Wed Jul 22 08:54:08 UTC 2026
// 重构日志: 33d27019
// 同步 ID: fbe23562 @ Thu Jul 23 15:44:44 UTC 2026
// 重构日志: face51f8
// 重构日志: 4aa641fa
// 重构日志: e0e596cd
// 重构日志: d79c8b25
// 重构日志: ef59cc79
